<?xml version="1.0" encoding="UTF-8" ?>
<testsuite tests="1" failures="1" name="pl.globallogic.verification.ConfigurationVerificationTest" time="2.408" errors="0" skipped="0">
  <properties>
    <property name="idea.version" value="2022.2.2"/>
    <property name="java.runtime.name" value="Java(TM) SE Runtime Environment"/>
    <property name="java.vm.version" value="20.0.2+9-78"/>
    <property name="sun.boot.library.path" value="C:\Program Files\Java\jdk-20\bin"/>
    <property name="maven.multiModuleProjectDirectory" value="C:\dev\gorest-api-test-automation-restassured"/>
    <property name="java.vm.vendor" value="Oracle Corporation"/>
    <property name="java.vendor.url" value="https://java.oracle.com/"/>
    <property name="guice.disable.misplaced.annotation.check" value="true"/>
    <property name="path.separator" value=";"/>
    <property name="java.vm.name" value="Java HotSpot(TM) 64-Bit Server VM"/>
    <property name="sun.os.patch.level" value=""/>
    <property name="user.script" value=""/>
    <property name="user.country" value="PL"/>
    <property name="sun.java.launcher" value="SUN_STANDARD"/>
    <property name="java.vm.specification.name" value="Java Virtual Machine Specification"/>
    <property name="user.dir" value="C:\dev\gorest-api-test-automation-restassured"/>
    <property name="java.vm.compressedOopsMode" value="Zero based"/>
    <property name="java.runtime.version" value="20.0.2+9-78"/>
    <property name="os.arch" value="amd64"/>
    <property name="java.io.tmpdir" value="C:\Users\MATEUS~1.TOL\AppData\Local\Temp\"/>
    <property name="line.separator" value="
"/>
    <property name="java.vm.specification.vendor" value="Oracle Corporation"/>
    <property name="user.variant" value=""/>
    <property name="stderr.encoding" value="UTF-8"/>
    <property name="os.name" value="Windows 10"/>
    <property name="maven.ext.class.path" value="C:\Program Files\JetBrains\IntelliJ IDEA Educational Edition 2022.2.2\plugins\maven\lib\maven-event-listener.jar"/>
    <property name="classworlds.conf" value="C:\Program Files\JetBrains\IntelliJ IDEA Educational Edition 2022.2.2\plugins\maven\lib\maven3\bin\m2.conf"/>
    <property name="sun.jnu.encoding" value="Cp1250"/>
    <property name="stdout.encoding" value="UTF-8"/>
    <property name="java.library.path" value="C:\Program Files\Java\jdk-20\bin;C:\Windows\Sun\Java\bin;C:\Windows\system32;C:\Windows;C:\Program Files\Common Files\Oracle\Java\javapath;C:\Windows\system32;C:\Windows;C:\Windows\System32\Wbem;C:\Windows\System32\WindowsPowerShell\v1.0\;C:\Windows\System32\OpenSSH\;C:\Program Files\nodejs\;C:\ProgramData\chocolatey\bin;C:\Program Files\Git\cmd;C:\Program Files\Java\jdk-20\bin;C:\Program Files\MAVEN\apache-maven-3.9.3-bin\apache-maven-3.9.3\bin;C:\Users\mateusz.tolpa\AppData\Local\Programs\Python\Python311\Scripts\;C:\Users\mateusz.tolpa\AppData\Local\Programs\Python\Python311\;C:\Users\mateusz.tolpa\AppData\Local\Microsoft\WindowsApps;;C:\Program Files\JetBrains\PyCharm Community Edition 2023.1.4\bin;;C:\Users\mateusz.tolpa\AppData\Local\Programs\Microsoft VS Code\bin;C:\Users\mateusz.tolpa\AppData\Roaming\npm;C:\Program Files\JetBrains\IntelliJ IDEA Educational Edition 2022.2.2\bin;;."/>
    <property name="maven.conf" value="C:\Program Files\JetBrains\IntelliJ IDEA Educational Edition 2022.2.2\plugins\maven\lib\maven3/conf"/>
    <property name="jdk.debug" value="release"/>
    <property name="java.class.version" value="64.0"/>
    <property name="java.specification.name" value="Java Platform API Specification"/>
    <property name="sun.management.compiler" value="HotSpot 64-Bit Tiered Compilers"/>
    <property name="os.version" value="10.0"/>
    <property name="user.home" value="C:\Users\mateusz.tolpa"/>
    <property name="user.timezone" value="Europe/Warsaw"/>
    <property name="file.encoding" value="UTF-8"/>
    <property name="java.specification.version" value="20"/>
    <property name="user.name" value="mateusz.tolpa"/>
    <property name="java.class.path" value="C:\Program Files\JetBrains\IntelliJ IDEA Educational Edition 2022.2.2\plugins\maven\lib\maven3\boot\plexus-classworlds-2.6.0.jar;C:\Program Files\JetBrains\IntelliJ IDEA Educational Edition 2022.2.2\plugins\maven\lib\maven3\boot\plexus-classworlds.license"/>
    <property name="java.vm.specification.version" value="20"/>
    <property name="sun.arch.data.model" value="64"/>
    <property name="sun.java.command" value="org.codehaus.classworlds.Launcher -Didea.version=2022.2.2 clean test"/>
    <property name="java.home" value="C:\Program Files\Java\jdk-20"/>
    <property name="user.language" value="pl"/>
    <property name="java.specification.vendor" value="Oracle Corporation"/>
    <property name="java.vm.info" value="mixed mode, sharing"/>
    <property name="java.version" value="20.0.2"/>
    <property name="native.encoding" value="Cp1250"/>
    <property name="java.vendor" value="Oracle Corporation"/>
    <property name="sun.stderr.encoding" value="UTF-8"/>
    <property name="maven.home" value="C:\Program Files\JetBrains\IntelliJ IDEA Educational Edition 2022.2.2\plugins\maven\lib\maven3"/>
    <property name="file.separator" value="\"/>
    <property name="java.version.date" value="2023-07-18"/>
    <property name="java.vendor.url.bug" value="https://bugreport.java.com/bugreport/"/>
    <property name="sun.io.unicode.encoding" value="UnicodeLittle"/>
    <property name="sun.cpu.endian" value="little"/>
    <property name="sun.stdout.encoding" value="UTF-8"/>
    <property name="sun.cpu.isalist" value="amd64"/>
  </properties>
  <testcase classname="pl.globallogic.verification.ConfigurationVerificationTest" name="shouldLogRequestAndResponseData" time="2.408">
    <failure message="class io.restassured.internal.RestAssuredResponseImpl cannot be cast to class org.asynchttpclient.Response (io.restassured.internal.RestAssuredResponseImpl and org.asynchttpclient.Response are in unnamed module of loader &apos;app&apos;)" type="java.lang.ClassCastException">java.lang.ClassCastException: class io.restassured.internal.RestAssuredResponseImpl cannot be cast to class org.asynchttpclient.Response (io.restassured.internal.RestAssuredResponseImpl and org.asynchttpclient.Response are in unnamed module of loader &apos;app&apos;)
	at pl.globallogic.verification.ConfigurationVerificationTest.shouldLogRequestAndResponseData(ConfigurationVerificationTest.java:17)
</failure>
    <system-out>15:32:12,584 |-INFO in ch.qos.logback.classic.LoggerContext[default] - This is logback-classic version 1.4.11
15:32:12,588 |-INFO in ch.qos.logback.classic.util.ContextInitializer@7a69b07 - No custom configurators were discovered as a service.
15:32:12,588 |-INFO in ch.qos.logback.classic.util.ContextInitializer@7a69b07 - Trying to configure with ch.qos.logback.classic.joran.SerializedModelConfigurator
15:32:12,590 |-INFO in ch.qos.logback.classic.util.ContextInitializer@7a69b07 - Constructed configurator of type class ch.qos.logback.classic.joran.SerializedModelConfigurator
15:32:12,631 |-INFO in ch.qos.logback.classic.LoggerContext[default] - Could NOT find resource [logback-test.scmo]
15:32:12,632 |-INFO in ch.qos.logback.classic.LoggerContext[default] - Could NOT find resource [logback.scmo]
15:32:12,671 |-INFO in ch.qos.logback.classic.util.ContextInitializer@7a69b07 - ch.qos.logback.classic.joran.SerializedModelConfigurator.configure() call lasted 42 milliseconds. ExecutionStatus=INVOKE_NEXT_IF_ANY
15:32:12,671 |-INFO in ch.qos.logback.classic.util.ContextInitializer@7a69b07 - Trying to configure with ch.qos.logback.classic.util.DefaultJoranConfigurator
15:32:12,672 |-INFO in ch.qos.logback.classic.util.ContextInitializer@7a69b07 - Constructed configurator of type class ch.qos.logback.classic.util.DefaultJoranConfigurator
15:32:12,674 |-INFO in ch.qos.logback.classic.LoggerContext[default] - Could NOT find resource [logback-test.xml]
15:32:12,678 |-INFO in ch.qos.logback.classic.LoggerContext[default] - Found resource [logback.xml] at [file:/C:/dev/gorest-api-test-automation-restassured/target/test-classes/logback.xml]
15:32:12,679 |-WARN in ch.qos.logback.classic.util.DefaultJoranConfigurator@5e82df6a - Resource [logback.xml] occurs multiple times on the classpath.
15:32:12,679 |-WARN in ch.qos.logback.classic.util.DefaultJoranConfigurator@5e82df6a - Resource [logback.xml] occurs at [file:/C:/dev/gorest-api-test-automation-restassured/target/classes/logback.xml]
15:32:12,679 |-WARN in ch.qos.logback.classic.util.DefaultJoranConfigurator@5e82df6a - Resource [logback.xml] occurs at [file:/C:/dev/gorest-api-test-automation-restassured/target/test-classes/logback.xml]
15:32:12,882 |-INFO in ch.qos.logback.core.model.processor.AppenderModelHandler - Processing appender named [STDOUT]
15:32:12,882 |-INFO in ch.qos.logback.core.model.processor.AppenderModelHandler - About to instantiate appender of type [ch.qos.logback.core.ConsoleAppender]
15:32:12,897 |-INFO in ch.qos.logback.core.model.processor.ImplicitModelHandler - Assuming default type [ch.qos.logback.classic.encoder.PatternLayoutEncoder] for [encoder] property
15:32:12,953 |-INFO in ch.qos.logback.classic.model.processor.RootLoggerModelHandler - Setting level of ROOT logger to DEBUG
15:32:12,954 |-INFO in ch.qos.logback.core.model.processor.AppenderRefModelHandler - Attaching appender named [STDOUT] to Logger[ROOT]
15:32:12,954 |-INFO in ch.qos.logback.core.model.processor.DefaultProcessor@3f197a46 - End of configuration.
15:32:12,955 |-INFO in ch.qos.logback.classic.joran.JoranConfigurator@636be97c - Registering current configuration as safe fallback point
15:32:12,956 |-INFO in ch.qos.logback.classic.util.ContextInitializer@7a69b07 - ch.qos.logback.classic.util.DefaultJoranConfigurator.configure() call lasted 283 milliseconds. ExecutionStatus=DO_NOT_INVOKE_NEXT_IF_ANY

Configuring TestNG with: org.apache.maven.surefire.testng.conf.TestNG652Configurator@7d8995e
15:32:13.576 [main] INFO  p.g.v.ConfigurationVerificationTest - Verify test automation framework configuration test
</system-out>
  </testcase>
</testsuite>