<?xml version="1.0" encoding="UTF-8"?>
<testsuite xmlns:xsi="http://www.w3.org/2001/XMLSchema-instance" xsi:noNamespaceSchemaLocation="https://maven.apache.org/surefire/maven-surefire-plugin/xsd/surefire-test-report-3.0.xsd" version="3.0" name="TestSuite" time="4.689" tests="11" errors="0" skipped="9" failures="1">
  <properties>
    <property name="java.specification.version" value="20"/>
    <property name="sun.cpu.isalist" value="amd64"/>
    <property name="sun.jnu.encoding" value="Cp1250"/>
    <property name="testng.Skipped" value="10"/>
    <property name="java.class.path" value="C:\dev\gorest-api-test-automation-restassured\target\test-classes;C:\dev\gorest-api-test-automation-restassured\target\classes;C:\Users\mateusz.tolpa\.m2\repository\ch\qos\logback\logback-classic\1.4.7\logback-classic-1.4.7.jar;C:\Users\mateusz.tolpa\.m2\repository\ch\qos\logback\logback-core\1.4.7\logback-core-1.4.7.jar;C:\Users\mateusz.tolpa\.m2\repository\org\slf4j\slf4j-api\2.0.7\slf4j-api-2.0.7.jar;C:\Users\mateusz.tolpa\.m2\repository\com\github\sdrss\reportng\2.7.0\reportng-2.7.0.jar;C:\Users\mateusz.tolpa\.m2\repository\velocity\velocity\1.5\velocity-1.5.jar;C:\Users\mateusz.tolpa\.m2\repository\commons-collections\commons-collections\3.1\commons-collections-3.1.jar;C:\Users\mateusz.tolpa\.m2\repository\commons-lang\commons-lang\2.1\commons-lang-2.1.jar;C:\Users\mateusz.tolpa\.m2\repository\oro\oro\2.0.8\oro-2.0.8.jar;C:\Users\mateusz.tolpa\.m2\repository\commons-io\commons-io\2.7\commons-io-2.7.jar;C:\Users\mateusz.tolpa\.m2\repository\com\google\inject\guice\4.2.2\guice-4.2.2.jar;C:\Users\mateusz.tolpa\.m2\repository\javax\inject\javax.inject\1\javax.inject-1.jar;C:\Users\mateusz.tolpa\.m2\repository\aopalliance\aopalliance\1.0\aopalliance-1.0.jar;C:\Users\mateusz.tolpa\.m2\repository\com\google\guava\guava\25.1-android\guava-25.1-android.jar;C:\Users\mateusz.tolpa\.m2\repository\org\checkerframework\checker-compat-qual\2.0.0\checker-compat-qual-2.0.0.jar;C:\Users\mateusz.tolpa\.m2\repository\com\google\errorprone\error_prone_annotations\2.1.3\error_prone_annotations-2.1.3.jar;C:\Users\mateusz.tolpa\.m2\repository\com\google\j2objc\j2objc-annotations\1.1\j2objc-annotations-1.1.jar;C:\Users\mateusz.tolpa\.m2\repository\org\codehaus\mojo\animal-sniffer-annotations\1.14\animal-sniffer-annotations-1.14.jar;C:\Users\mateusz.tolpa\.m2\repository\org\testng\reportng\1.2.2\reportng-1.2.2.jar;C:\Users\mateusz.tolpa\.m2\repository\org\freemarker\freemarker\2.3.28\freemarker-2.3.28.jar;C:\Users\mateusz.tolpa\.m2\repository\org\testng\testng\7.8.0\testng-7.8.0.jar;C:\Users\mateusz.tolpa\.m2\repository\com\beust\jcommander\1.82\jcommander-1.82.jar;C:\Users\mateusz.tolpa\.m2\repository\org\webjars\jquery\3.6.1\jquery-3.6.1.jar;C:\Users\mateusz.tolpa\.m2\repository\io\rest-assured\rest-assured\5.3.0\rest-assured-5.3.0.jar;C:\Users\mateusz.tolpa\.m2\repository\org\apache\groovy\groovy\4.0.6\groovy-4.0.6.jar;C:\Users\mateusz.tolpa\.m2\repository\org\apache\groovy\groovy-xml\4.0.6\groovy-xml-4.0.6.jar;C:\Users\mateusz.tolpa\.m2\repository\org\apache\httpcomponents\httpclient\4.5.13\httpclient-4.5.13.jar;C:\Users\mateusz.tolpa\.m2\repository\org\apache\httpcomponents\httpcore\4.4.13\httpcore-4.4.13.jar;C:\Users\mateusz.tolpa\.m2\repository\commons-logging\commons-logging\1.2\commons-logging-1.2.jar;C:\Users\mateusz.tolpa\.m2\repository\commons-codec\commons-codec\1.11\commons-codec-1.11.jar;C:\Users\mateusz.tolpa\.m2\repository\org\apache\httpcomponents\httpmime\4.5.13\httpmime-4.5.13.jar;C:\Users\mateusz.tolpa\.m2\repository\org\hamcrest\hamcrest\2.1\hamcrest-2.1.jar;C:\Users\mateusz.tolpa\.m2\repository\org\ccil\cowan\tagsoup\tagsoup\1.2.1\tagsoup-1.2.1.jar;C:\Users\mateusz.tolpa\.m2\repository\io\rest-assured\json-path\5.3.0\json-path-5.3.0.jar;C:\Users\mateusz.tolpa\.m2\repository\org\apache\groovy\groovy-json\4.0.6\groovy-json-4.0.6.jar;C:\Users\mateusz.tolpa\.m2\repository\io\rest-assured\rest-assured-common\5.3.0\rest-assured-common-5.3.0.jar;C:\Users\mateusz.tolpa\.m2\repository\io\rest-assured\xml-path\5.3.0\xml-path-5.3.0.jar;C:\Users\mateusz.tolpa\.m2\repository\org\apache\commons\commons-lang3\3.11\commons-lang3-3.11.jar;C:\Users\mateusz.tolpa\.m2\repository\io\rest-assured\json-schema-validator\5.3.0\json-schema-validator-5.3.0.jar;C:\Users\mateusz.tolpa\.m2\repository\com\github\java-json-tools\json-schema-validator\2.2.14\json-schema-validator-2.2.14.jar;C:\Users\mateusz.tolpa\.m2\repository\com\github\java-json-tools\jackson-coreutils-equivalence\1.0\jackson-coreutils-equivalence-1.0.jar;C:\Users\mateusz.tolpa\.m2\repository\com\github\java-json-tools\jackson-coreutils\2.0\jackson-coreutils-2.0.jar;C:\Users\mateusz.tolpa\.m2\repository\com\github\java-json-tools\msg-simple\1.2\msg-simple-1.2.jar;C:\Users\mateusz.tolpa\.m2\repository\com\github\java-json-tools\btf\1.3\btf-1.3.jar;C:\Users\mateusz.tolpa\.m2\repository\com\github\java-json-tools\json-schema-core\1.2.14\json-schema-core-1.2.14.jar;C:\Users\mateusz.tolpa\.m2\repository\com\github\java-json-tools\uri-template\0.10\uri-template-0.10.jar;C:\Users\mateusz.tolpa\.m2\repository\org\mozilla\rhino\1.7.7.2\rhino-1.7.7.2.jar;C:\Users\mateusz.tolpa\.m2\repository\com\sun\mail\mailapi\1.6.2\mailapi-1.6.2.jar;C:\Users\mateusz.tolpa\.m2\repository\joda-time\joda-time\2.10.5\joda-time-2.10.5.jar;C:\Users\mateusz.tolpa\.m2\repository\com\googlecode\libphonenumber\libphonenumber\8.11.1\libphonenumber-8.11.1.jar;C:\Users\mateusz.tolpa\.m2\repository\com\google\code\findbugs\jsr305\3.0.2\jsr305-3.0.2.jar;C:\Users\mateusz.tolpa\.m2\repository\net\sf\jopt-simple\jopt-simple\5.0.4\jopt-simple-5.0.4.jar;C:\Users\mateusz.tolpa\.m2\repository\com\fasterxml\jackson\core\jackson-databind\2.15.2\jackson-databind-2.15.2.jar;C:\Users\mateusz.tolpa\.m2\repository\com\fasterxml\jackson\core\jackson-core\2.15.2\jackson-core-2.15.2.jar;C:\Users\mateusz.tolpa\.m2\repository\com\fasterxml\jackson\core\jackson-annotations\2.15.2\jackson-annotations-2.15.2.jar;"/>
    <property name="java.vm.vendor" value="Oracle Corporation"/>
    <property name="sun.arch.data.model" value="64"/>
    <property name="user.variant" value=""/>
    <property name="java.vendor.url" value="https://java.oracle.com/"/>
    <property name="user.timezone" value="Europe/Warsaw"/>
    <property name="os.name" value="Windows 10"/>
    <property name="java.vm.specification.version" value="20"/>
    <property name="sun.java.launcher" value="SUN_STANDARD"/>
    <property name="user.country" value="PL"/>
    <property name="sun.boot.library.path" value="C:\Program Files\Java\jdk-20\bin"/>
    <property name="sun.java.command" value="C:\Users\mateusz.tolpa\AppData\Local\Temp\surefire8566058137730666441\surefirebooter-20230909014708184_3.jar C:\Users\mateusz.tolpa\AppData\Local\Temp\surefire8566058137730666441 2023-09-09T01-47-08_046-jvmRun1 surefire-20230909014708184_1tmp surefire_0-20230909014708184_2tmp"/>
    <property name="jdk.debug" value="release"/>
    <property name="surefire.test.class.path" value="C:\dev\gorest-api-test-automation-restassured\target\test-classes;C:\dev\gorest-api-test-automation-restassured\target\classes;C:\Users\mateusz.tolpa\.m2\repository\ch\qos\logback\logback-classic\1.4.7\logback-classic-1.4.7.jar;C:\Users\mateusz.tolpa\.m2\repository\ch\qos\logback\logback-core\1.4.7\logback-core-1.4.7.jar;C:\Users\mateusz.tolpa\.m2\repository\org\slf4j\slf4j-api\2.0.7\slf4j-api-2.0.7.jar;C:\Users\mateusz.tolpa\.m2\repository\com\github\sdrss\reportng\2.7.0\reportng-2.7.0.jar;C:\Users\mateusz.tolpa\.m2\repository\velocity\velocity\1.5\velocity-1.5.jar;C:\Users\mateusz.tolpa\.m2\repository\commons-collections\commons-collections\3.1\commons-collections-3.1.jar;C:\Users\mateusz.tolpa\.m2\repository\commons-lang\commons-lang\2.1\commons-lang-2.1.jar;C:\Users\mateusz.tolpa\.m2\repository\oro\oro\2.0.8\oro-2.0.8.jar;C:\Users\mateusz.tolpa\.m2\repository\commons-io\commons-io\2.7\commons-io-2.7.jar;C:\Users\mateusz.tolpa\.m2\repository\com\google\inject\guice\4.2.2\guice-4.2.2.jar;C:\Users\mateusz.tolpa\.m2\repository\javax\inject\javax.inject\1\javax.inject-1.jar;C:\Users\mateusz.tolpa\.m2\repository\aopalliance\aopalliance\1.0\aopalliance-1.0.jar;C:\Users\mateusz.tolpa\.m2\repository\com\google\guava\guava\25.1-android\guava-25.1-android.jar;C:\Users\mateusz.tolpa\.m2\repository\org\checkerframework\checker-compat-qual\2.0.0\checker-compat-qual-2.0.0.jar;C:\Users\mateusz.tolpa\.m2\repository\com\google\errorprone\error_prone_annotations\2.1.3\error_prone_annotations-2.1.3.jar;C:\Users\mateusz.tolpa\.m2\repository\com\google\j2objc\j2objc-annotations\1.1\j2objc-annotations-1.1.jar;C:\Users\mateusz.tolpa\.m2\repository\org\codehaus\mojo\animal-sniffer-annotations\1.14\animal-sniffer-annotations-1.14.jar;C:\Users\mateusz.tolpa\.m2\repository\org\testng\reportng\1.2.2\reportng-1.2.2.jar;C:\Users\mateusz.tolpa\.m2\repository\org\freemarker\freemarker\2.3.28\freemarker-2.3.28.jar;C:\Users\mateusz.tolpa\.m2\repository\org\testng\testng\7.8.0\testng-7.8.0.jar;C:\Users\mateusz.tolpa\.m2\repository\com\beust\jcommander\1.82\jcommander-1.82.jar;C:\Users\mateusz.tolpa\.m2\repository\org\webjars\jquery\3.6.1\jquery-3.6.1.jar;C:\Users\mateusz.tolpa\.m2\repository\io\rest-assured\rest-assured\5.3.0\rest-assured-5.3.0.jar;C:\Users\mateusz.tolpa\.m2\repository\org\apache\groovy\groovy\4.0.6\groovy-4.0.6.jar;C:\Users\mateusz.tolpa\.m2\repository\org\apache\groovy\groovy-xml\4.0.6\groovy-xml-4.0.6.jar;C:\Users\mateusz.tolpa\.m2\repository\org\apache\httpcomponents\httpclient\4.5.13\httpclient-4.5.13.jar;C:\Users\mateusz.tolpa\.m2\repository\org\apache\httpcomponents\httpcore\4.4.13\httpcore-4.4.13.jar;C:\Users\mateusz.tolpa\.m2\repository\commons-logging\commons-logging\1.2\commons-logging-1.2.jar;C:\Users\mateusz.tolpa\.m2\repository\commons-codec\commons-codec\1.11\commons-codec-1.11.jar;C:\Users\mateusz.tolpa\.m2\repository\org\apache\httpcomponents\httpmime\4.5.13\httpmime-4.5.13.jar;C:\Users\mateusz.tolpa\.m2\repository\org\hamcrest\hamcrest\2.1\hamcrest-2.1.jar;C:\Users\mateusz.tolpa\.m2\repository\org\ccil\cowan\tagsoup\tagsoup\1.2.1\tagsoup-1.2.1.jar;C:\Users\mateusz.tolpa\.m2\repository\io\rest-assured\json-path\5.3.0\json-path-5.3.0.jar;C:\Users\mateusz.tolpa\.m2\repository\org\apache\groovy\groovy-json\4.0.6\groovy-json-4.0.6.jar;C:\Users\mateusz.tolpa\.m2\repository\io\rest-assured\rest-assured-common\5.3.0\rest-assured-common-5.3.0.jar;C:\Users\mateusz.tolpa\.m2\repository\io\rest-assured\xml-path\5.3.0\xml-path-5.3.0.jar;C:\Users\mateusz.tolpa\.m2\repository\org\apache\commons\commons-lang3\3.11\commons-lang3-3.11.jar;C:\Users\mateusz.tolpa\.m2\repository\io\rest-assured\json-schema-validator\5.3.0\json-schema-validator-5.3.0.jar;C:\Users\mateusz.tolpa\.m2\repository\com\github\java-json-tools\json-schema-validator\2.2.14\json-schema-validator-2.2.14.jar;C:\Users\mateusz.tolpa\.m2\repository\com\github\java-json-tools\jackson-coreutils-equivalence\1.0\jackson-coreutils-equivalence-1.0.jar;C:\Users\mateusz.tolpa\.m2\repository\com\github\java-json-tools\jackson-coreutils\2.0\jackson-coreutils-2.0.jar;C:\Users\mateusz.tolpa\.m2\repository\com\github\java-json-tools\msg-simple\1.2\msg-simple-1.2.jar;C:\Users\mateusz.tolpa\.m2\repository\com\github\java-json-tools\btf\1.3\btf-1.3.jar;C:\Users\mateusz.tolpa\.m2\repository\com\github\java-json-tools\json-schema-core\1.2.14\json-schema-core-1.2.14.jar;C:\Users\mateusz.tolpa\.m2\repository\com\github\java-json-tools\uri-template\0.10\uri-template-0.10.jar;C:\Users\mateusz.tolpa\.m2\repository\org\mozilla\rhino\1.7.7.2\rhino-1.7.7.2.jar;C:\Users\mateusz.tolpa\.m2\repository\com\sun\mail\mailapi\1.6.2\mailapi-1.6.2.jar;C:\Users\mateusz.tolpa\.m2\repository\joda-time\joda-time\2.10.5\joda-time-2.10.5.jar;C:\Users\mateusz.tolpa\.m2\repository\com\googlecode\libphonenumber\libphonenumber\8.11.1\libphonenumber-8.11.1.jar;C:\Users\mateusz.tolpa\.m2\repository\com\google\code\findbugs\jsr305\3.0.2\jsr305-3.0.2.jar;C:\Users\mateusz.tolpa\.m2\repository\net\sf\jopt-simple\jopt-simple\5.0.4\jopt-simple-5.0.4.jar;C:\Users\mateusz.tolpa\.m2\repository\com\fasterxml\jackson\core\jackson-databind\2.15.2\jackson-databind-2.15.2.jar;C:\Users\mateusz.tolpa\.m2\repository\com\fasterxml\jackson\core\jackson-core\2.15.2\jackson-core-2.15.2.jar;C:\Users\mateusz.tolpa\.m2\repository\com\fasterxml\jackson\core\jackson-annotations\2.15.2\jackson-annotations-2.15.2.jar;"/>
    <property name="sun.cpu.endian" value="little"/>
    <property name="user.home" value="C:\Users\mateusz.tolpa"/>
    <property name="user.language" value="pl"/>
    <property name="java.specification.vendor" value="Oracle Corporation"/>
    <property name="java.version.date" value="2023-07-18"/>
    <property name="java.home" value="C:\Program Files\Java\jdk-20"/>
    <property name="file.separator" value="\"/>
    <property name="basedir" value="C:\dev\gorest-api-test-automation-restassured"/>
    <property name="java.vm.compressedOopsMode" value="Zero based"/>
    <property name="line.separator" value="&#10;"/>
    <property name="testng.Failed" value="0"/>
    <property name="java.vm.specification.vendor" value="Oracle Corporation"/>
    <property name="java.specification.name" value="Java Platform API Specification"/>
    <property name="surefire.real.class.path" value="C:\Users\mateusz.tolpa\AppData\Local\Temp\surefire8566058137730666441\surefirebooter-20230909014708184_3.jar"/>
    <property name="user.script" value=""/>
    <property name="sun.management.compiler" value="HotSpot 64-Bit Tiered Compilers"/>
    <property name="java.runtime.version" value="20.0.2+9-78"/>
    <property name="user.name" value="mateusz.tolpa"/>
    <property name="stdout.encoding" value="Cp1250"/>
    <property name="path.separator" value=";"/>
    <property name="os.version" value="10.0"/>
    <property name="testng.KnownDefect" value="0"/>
    <property name="java.runtime.name" value="Java(TM) SE Runtime Environment"/>
    <property name="file.encoding" value="UTF-8"/>
    <property name="testng.Fixed" value="0"/>
    <property name="java.vm.name" value="Java HotSpot(TM) 64-Bit Server VM"/>
    <property name="localRepository" value="C:\Users\mateusz.tolpa\.m2\repository"/>
    <property name="java.vendor.url.bug" value="https://bugreport.java.com/bugreport/"/>
    <property name="java.io.tmpdir" value="C:\Users\MATEUS~1.TOL\AppData\Local\Temp\"/>
    <property name="idea.version" value="2022.2.2"/>
    <property name="java.version" value="20.0.2"/>
    <property name="user.dir" value="C:\dev\gorest-api-test-automation-restassured"/>
    <property name="os.arch" value="amd64"/>
    <property name="java.vm.specification.name" value="Java Virtual Machine Specification"/>
    <property name="sun.os.patch.level" value=""/>
    <property name="token" value="edb4afe94ffa5dd5ee817c3eb2ff3a0408777f6781098e96969cd9cb742050d4"/>
    <property name="native.encoding" value="Cp1250"/>
    <property name="environment" value="dev"/>
    <property name="java.library.path" value="C:\Program Files\Java\jdk-20\bin;C:\Windows\Sun\Java\bin;C:\Windows\system32;C:\Windows;C:\Program Files\Common Files\Oracle\Java\javapath;C:\Windows\system32;C:\Windows;C:\Windows\System32\Wbem;C:\Windows\System32\WindowsPowerShell\v1.0\;C:\Windows\System32\OpenSSH\;C:\Program Files\nodejs\;C:\ProgramData\chocolatey\bin;C:\Program Files\Git\cmd;C:\Program Files\Java\jdk-20\bin;C:\Program Files\MAVEN\apache-maven-3.9.3-bin\apache-maven-3.9.3\bin;C:\Users\mateusz.tolpa\AppData\Local\Programs\Python\Python311\Scripts\;C:\Users\mateusz.tolpa\AppData\Local\Programs\Python\Python311\;C:\Users\mateusz.tolpa\AppData\Local\Microsoft\WindowsApps;;C:\Program Files\JetBrains\PyCharm Community Edition 2023.1.4\bin;;C:\Users\mateusz.tolpa\AppData\Local\Programs\Microsoft VS Code\bin;C:\Users\mateusz.tolpa\AppData\Roaming\npm;C:\Program Files\JetBrains\IntelliJ IDEA Educational Edition 2022.2.2\bin;;."/>
    <property name="java.vm.info" value="mixed mode, sharing"/>
    <property name="stderr.encoding" value="Cp1250"/>
    <property name="java.vendor" value="Oracle Corporation"/>
    <property name="java.vm.version" value="20.0.2+9-78"/>
    <property name="sun.io.unicode.encoding" value="UnicodeLittle"/>
    <property name="testng.Passed" value="2"/>
    <property name="java.class.version" value="64.0"/>
  </properties>
  <testcase name="testSetUp" classname="pl.globallogic.gorest.UserApiCrudBasicVerificationTest" time="3.227">
    <failure message="com.fasterxml.jackson.databind.exc.UnrecognizedPropertyException: Unrecognized field &quot;message&quot; (class pl.globallogic.gorest.model.OurUser), not marked as ignorable (5 known properties: &quot;gender&quot;, &quot;status&quot;, &quot;id&quot;, &quot;email&quot;, &quot;name&quot;])&#10; at [Source: (String)&quot;{&quot;message&quot;:&quot;Authentication failed&quot;}&quot;; line: 1, column: 13] (through reference chain: pl.globallogic.gorest.model.OurUser[&quot;message&quot;])" type="java.lang.RuntimeException"><![CDATA[java.lang.RuntimeException: 
com.fasterxml.jackson.databind.exc.UnrecognizedPropertyException: Unrecognized field "message" (class pl.globallogic.gorest.model.OurUser), not marked as ignorable (5 known properties: "gender", "status", "id", "email", "name"])
 at [Source: (String)"{"message":"Authentication failed"}"; line: 1, column: 13] (through reference chain: pl.globallogic.gorest.model.OurUser["message"])
	at io.restassured.internal.path.json.mapping.JsonPathJackson2ObjectDeserializer.deserialize(JsonPathJackson2ObjectDeserializer.java:30)
	at io.restassured.path.json.mapping.JsonPathObjectDeserializer$deserialize.call(Unknown Source)
	at org.codehaus.groovy.runtime.callsite.CallSiteArray.defaultCall(CallSiteArray.java:45)
	at org.codehaus.groovy.runtime.callsite.AbstractCallSite.call(AbstractCallSite.java:125)
	at org.codehaus.groovy.runtime.callsite.AbstractCallSite.call(AbstractCallSite.java:139)
	at io.restassured.internal.mapping.Jackson2Mapper.deserialize(Jackson2Mapper.groovy:58)
	at io.restassured.mapper.ObjectMapper$deserialize$0.call(Unknown Source)
	at org.codehaus.groovy.runtime.callsite.CallSiteArray.defaultCall(CallSiteArray.java:45)
	at org.codehaus.groovy.runtime.callsite.AbstractCallSite.call(AbstractCallSite.java:125)
	at org.codehaus.groovy.runtime.callsite.AbstractCallSite.call(AbstractCallSite.java:139)
	at io.restassured.internal.mapping.ObjectMapping.parseWithJackson2(ObjectMapping.groovy:254)
	at io.restassured.internal.mapping.ObjectMapping$parseWithJackson2$1.callStatic(Unknown Source)
	at org.codehaus.groovy.runtime.callsite.CallSiteArray.defaultCallStatic(CallSiteArray.java:53)
	at org.codehaus.groovy.runtime.callsite.AbstractCallSite.callStatic(AbstractCallSite.java:217)
	at org.codehaus.groovy.runtime.callsite.AbstractCallSite.callStatic(AbstractCallSite.java:240)
	at io.restassured.internal.mapping.ObjectMapping.deserialize(ObjectMapping.groovy:56)
	at io.restassured.internal.mapping.ObjectMapping$deserialize$0.call(Unknown Source)
	at org.codehaus.groovy.runtime.callsite.CallSiteArray.defaultCall(CallSiteArray.java:45)
	at org.codehaus.groovy.runtime.callsite.AbstractCallSite.call(AbstractCallSite.java:125)
	at io.restassured.internal.RestAssuredResponseOptionsGroovyImpl.as(RestAssuredResponseOptionsGroovyImpl.groovy:229)
	at io.restassured.internal.RestAssuredResponseOptionsImpl.as(RestAssuredResponseOptionsImpl.java:169)
	at pl.globallogic.gorest.apis.UserAPI.createUser(UserAPI.java:34)
	at pl.globallogic.gorest.UserApiCrudBasicVerificationTest.testSetUp(UserApiCrudBasicVerificationTest.java:19)
	at java.base/jdk.internal.reflect.DirectMethodHandleAccessor.invoke(DirectMethodHandleAccessor.java:104)
	at java.base/java.lang.reflect.Method.invoke(Method.java:578)
	at org.testng.internal.invokers.MethodInvocationHelper.invokeMethod(MethodInvocationHelper.java:139)
	at org.testng.internal.invokers.MethodInvocationHelper.invokeMethodConsideringTimeout(MethodInvocationHelper.java:69)
	at org.testng.internal.invokers.ConfigInvoker.invokeConfigurationMethod(ConfigInvoker.java:390)
	at org.testng.internal.invokers.ConfigInvoker.invokeConfigurations(ConfigInvoker.java:325)
	at org.testng.internal.invokers.TestInvoker.runConfigMethods(TestInvoker.java:810)
	at org.testng.internal.invokers.TestInvoker.invokeMethod(TestInvoker.java:577)
	at org.testng.internal.invokers.TestInvoker.invokeTestMethod(TestInvoker.java:227)
	at org.testng.internal.invokers.MethodRunner.runInSequence(MethodRunner.java:50)
	at org.testng.internal.invokers.TestInvoker$MethodInvocationAgent.invoke(TestInvoker.java:957)
	at org.testng.internal.invokers.TestInvoker.invokeTestMethods(TestInvoker.java:200)
	at org.testng.internal.invokers.TestMethodWorker.invokeTestMethods(TestMethodWorker.java:148)
	at org.testng.internal.invokers.TestMethodWorker.run(TestMethodWorker.java:128)
	at java.base/java.util.ArrayList.forEach(ArrayList.java:1511)
	at org.testng.TestRunner.privateRun(TestRunner.java:848)
	at org.testng.TestRunner.run(TestRunner.java:621)
	at org.testng.SuiteRunner.runTest(SuiteRunner.java:443)
	at org.testng.SuiteRunner.runSequentially(SuiteRunner.java:437)
	at org.testng.SuiteRunner.privateRun(SuiteRunner.java:397)
	at org.testng.SuiteRunner.run(SuiteRunner.java:336)
	at org.testng.SuiteRunnerWorker.runSuite(SuiteRunnerWorker.java:52)
	at org.testng.SuiteRunnerWorker.run(SuiteRunnerWorker.java:95)
	at org.testng.TestNG.runSuitesSequentially(TestNG.java:1280)
	at org.testng.TestNG.runSuitesLocally(TestNG.java:1200)
	at org.testng.TestNG.runSuites(TestNG.java:1114)
	at org.testng.TestNG.run(TestNG.java:1082)
	at org.apache.maven.surefire.testng.TestNGExecutor.run(TestNGExecutor.java:155)
	at org.apache.maven.surefire.testng.TestNGDirectoryTestSuite.executeMulti(TestNGDirectoryTestSuite.java:169)
	at org.apache.maven.surefire.testng.TestNGDirectoryTestSuite.execute(TestNGDirectoryTestSuite.java:88)
	at org.apache.maven.surefire.testng.TestNGProvider.invoke(TestNGProvider.java:137)
	at org.apache.maven.surefire.booter.ForkedBooter.runSuitesInProcess(ForkedBooter.java:385)
	at org.apache.maven.surefire.booter.ForkedBooter.execute(ForkedBooter.java:162)
	at org.apache.maven.surefire.booter.ForkedBooter.run(ForkedBooter.java:507)
	at org.apache.maven.surefire.booter.ForkedBooter.main(ForkedBooter.java:495)
Caused by: com.fasterxml.jackson.databind.exc.UnrecognizedPropertyException: Unrecognized field "message" (class pl.globallogic.gorest.model.OurUser), not marked as ignorable (5 known properties: "gender", "status", "id", "email", "name"])
 at [Source: (String)"{"message":"Authentication failed"}"; line: 1, column: 13] (through reference chain: pl.globallogic.gorest.model.OurUser["message"])
	at com.fasterxml.jackson.databind.exc.UnrecognizedPropertyException.from(UnrecognizedPropertyException.java:61)
	at com.fasterxml.jackson.databind.DeserializationContext.handleUnknownProperty(DeserializationContext.java:1138)
	at com.fasterxml.jackson.databind.deser.std.StdDeserializer.handleUnknownProperty(StdDeserializer.java:2224)
	at com.fasterxml.jackson.databind.deser.BeanDeserializerBase.handleUnknownProperty(BeanDeserializerBase.java:1709)
	at com.fasterxml.jackson.databind.deser.BeanDeserializerBase.handleUnknownVanilla(BeanDeserializerBase.java:1687)
	at com.fasterxml.jackson.databind.deser.BeanDeserializer.vanillaDeserialize(BeanDeserializer.java:320)
	at com.fasterxml.jackson.databind.deser.BeanDeserializer.deserialize(BeanDeserializer.java:177)
	at com.fasterxml.jackson.databind.deser.DefaultDeserializationContext.readRootValue(DefaultDeserializationContext.java:323)
	at com.fasterxml.jackson.databind.ObjectMapper._readMapAndClose(ObjectMapper.java:4825)
	at com.fasterxml.jackson.databind.ObjectMapper.readValue(ObjectMapper.java:3772)
	at io.restassured.internal.path.json.mapping.JsonPathJackson2ObjectDeserializer.deserialize(JsonPathJackson2ObjectDeserializer.java:28)
	... 57 more
]]></failure>
    <system-out><![CDATA[01:47:09.932 [main] INFO  p.g.g.t.UserApiTestDataGenerator - Generated email: mati.email24554968@hotmail.com
]]></system-out>
  </testcase>
  <testcase name="testSetUp" classname="pl.globallogic.gorest.UserApiCrudBasicVerificationTest" time="0.0">
    <skipped/>
  </testcase>
  <testcase name="testSetUp" classname="pl.globallogic.gorest.UserApiCrudBasicVerificationTest" time="0.0">
    <skipped/>
  </testcase>
  <testcase name="testSetUp" classname="pl.globallogic.gorest.UserApiCrudBasicVerificationTest" time="0.0">
    <skipped/>
  </testcase>
  <testcase name="testSetUp" classname="pl.globallogic.gorest.UserApiCrudBasicVerificationTest" time="0.0">
    <skipped/>
  </testcase>
  <testcase name="shouldCreateAUserAndReturnAnId" classname="pl.globallogic.gorest.UserApiCrudBasicVerificationTest" time="0.0">
    <skipped message="com.fasterxml.jackson.databind.exc.UnrecognizedPropertyException: Unrecognized field &quot;message&quot; (class pl.globallogic.gorest.model.OurUser), not marked as ignorable (5 known properties: &quot;gender&quot;, &quot;status&quot;, &quot;id&quot;, &quot;email&quot;, &quot;name&quot;])&#10; at [Source: (String)&quot;{&quot;message&quot;:&quot;Authentication failed&quot;}&quot;; line: 1, column: 13] (through reference chain: pl.globallogic.gorest.model.OurUser[&quot;message&quot;])"/>
  </testcase>
  <testcase name="shouldDeleteUserUsingId" classname="pl.globallogic.gorest.UserApiCrudBasicVerificationTest" time="0.0">
    <skipped message="com.fasterxml.jackson.databind.exc.UnrecognizedPropertyException: Unrecognized field &quot;message&quot; (class pl.globallogic.gorest.model.OurUser), not marked as ignorable (5 known properties: &quot;gender&quot;, &quot;status&quot;, &quot;id&quot;, &quot;email&quot;, &quot;name&quot;])&#10; at [Source: (String)&quot;{&quot;message&quot;:&quot;Authentication failed&quot;}&quot;; line: 1, column: 13] (through reference chain: pl.globallogic.gorest.model.OurUser[&quot;message&quot;])"/>
  </testcase>
  <testcase name="shouldFetchAllUsersFromDefaultPageBodyExtract" classname="pl.globallogic.gorest.UserApiCrudBasicVerificationTest" time="0.0">
    <skipped message="com.fasterxml.jackson.databind.exc.UnrecognizedPropertyException: Unrecognized field &quot;message&quot; (class pl.globallogic.gorest.model.OurUser), not marked as ignorable (5 known properties: &quot;gender&quot;, &quot;status&quot;, &quot;id&quot;, &quot;email&quot;, &quot;name&quot;])&#10; at [Source: (String)&quot;{&quot;message&quot;:&quot;Authentication failed&quot;}&quot;; line: 1, column: 13] (through reference chain: pl.globallogic.gorest.model.OurUser[&quot;message&quot;])"/>
  </testcase>
  <testcase name="shouldUpdateExistingUserWithNewData" classname="pl.globallogic.gorest.UserApiCrudBasicVerificationTest" time="0.0">
    <skipped message="com.fasterxml.jackson.databind.exc.UnrecognizedPropertyException: Unrecognized field &quot;message&quot; (class pl.globallogic.gorest.model.OurUser), not marked as ignorable (5 known properties: &quot;gender&quot;, &quot;status&quot;, &quot;id&quot;, &quot;email&quot;, &quot;name&quot;])&#10; at [Source: (String)&quot;{&quot;message&quot;:&quot;Authentication failed&quot;}&quot;; line: 1, column: 13] (through reference chain: pl.globallogic.gorest.model.OurUser[&quot;message&quot;])"/>
  </testcase>
  <testcase name="userDataShouldContainId" classname="pl.globallogic.gorest.UserApiCrudBasicVerificationTest" time="0.0">
    <skipped message="com.fasterxml.jackson.databind.exc.UnrecognizedPropertyException: Unrecognized field &quot;message&quot; (class pl.globallogic.gorest.model.OurUser), not marked as ignorable (5 known properties: &quot;gender&quot;, &quot;status&quot;, &quot;id&quot;, &quot;email&quot;, &quot;name&quot;])&#10; at [Source: (String)&quot;{&quot;message&quot;:&quot;Authentication failed&quot;}&quot;; line: 1, column: 13] (through reference chain: pl.globallogic.gorest.model.OurUser[&quot;message&quot;])"/>
  </testcase>
  <testcase name="shouldLogRequestAndResponseData" classname="pl.globallogic.verification.ConfigurationVerificationTest" time="0.78">
    <system-out><![CDATA[01:47:12.003 [main] INFO  p.g.v.ConfigurationVerificationTest - Verify test automation framework configuration test
]]></system-out>
  </testcase>
</testsuite>