<?xml version="1.0" encoding="UTF-8"?>
<testsuite xmlns:xsi="http://www.w3.org/2001/XMLSchema-instance" xsi:noNamespaceSchemaLocation="https://maven.apache.org/surefire/maven-surefire-plugin/xsd/surefire-test-report-3.0.xsd" version="3.0" name="TestSuite" time="7.579" tests="7" errors="0" skipped="0" failures="1">
  <properties>
    <property name="java.specification.version" value="20"/>
    <property name="sun.cpu.isalist" value="amd64"/>
    <property name="sun.jnu.encoding" value="Cp1250"/>
    <property name="testng.Skipped" value="0"/>
    <property name="java.class.path" value="D:\dev\javaPractice\gorest-api-test-automation-restassured\target\test-classes;D:\dev\javaPractice\gorest-api-test-automation-restassured\target\classes;C:\Users\mateu\.m2\repository\ch\qos\logback\logback-classic\1.4.7\logback-classic-1.4.7.jar;C:\Users\mateu\.m2\repository\ch\qos\logback\logback-core\1.4.7\logback-core-1.4.7.jar;C:\Users\mateu\.m2\repository\org\slf4j\slf4j-api\2.0.7\slf4j-api-2.0.7.jar;C:\Users\mateu\.m2\repository\com\github\sdrss\reportng\2.7.0\reportng-2.7.0.jar;C:\Users\mateu\.m2\repository\velocity\velocity\1.5\velocity-1.5.jar;C:\Users\mateu\.m2\repository\commons-collections\commons-collections\3.1\commons-collections-3.1.jar;C:\Users\mateu\.m2\repository\commons-lang\commons-lang\2.1\commons-lang-2.1.jar;C:\Users\mateu\.m2\repository\oro\oro\2.0.8\oro-2.0.8.jar;C:\Users\mateu\.m2\repository\commons-io\commons-io\2.7\commons-io-2.7.jar;C:\Users\mateu\.m2\repository\com\google\inject\guice\4.2.2\guice-4.2.2.jar;C:\Users\mateu\.m2\repository\javax\inject\javax.inject\1\javax.inject-1.jar;C:\Users\mateu\.m2\repository\aopalliance\aopalliance\1.0\aopalliance-1.0.jar;C:\Users\mateu\.m2\repository\com\google\guava\guava\25.1-android\guava-25.1-android.jar;C:\Users\mateu\.m2\repository\org\checkerframework\checker-compat-qual\2.0.0\checker-compat-qual-2.0.0.jar;C:\Users\mateu\.m2\repository\com\google\errorprone\error_prone_annotations\2.1.3\error_prone_annotations-2.1.3.jar;C:\Users\mateu\.m2\repository\com\google\j2objc\j2objc-annotations\1.1\j2objc-annotations-1.1.jar;C:\Users\mateu\.m2\repository\org\codehaus\mojo\animal-sniffer-annotations\1.14\animal-sniffer-annotations-1.14.jar;C:\Users\mateu\.m2\repository\org\testng\reportng\1.2.2\reportng-1.2.2.jar;C:\Users\mateu\.m2\repository\org\freemarker\freemarker\2.3.28\freemarker-2.3.28.jar;C:\Users\mateu\.m2\repository\org\testng\testng\7.8.0\testng-7.8.0.jar;C:\Users\mateu\.m2\repository\com\beust\jcommander\1.82\jcommander-1.82.jar;C:\Users\mateu\.m2\repository\org\webjars\jquery\3.6.1\jquery-3.6.1.jar;C:\Users\mateu\.m2\repository\io\rest-assured\rest-assured\5.3.0\rest-assured-5.3.0.jar;C:\Users\mateu\.m2\repository\org\apache\groovy\groovy\4.0.6\groovy-4.0.6.jar;C:\Users\mateu\.m2\repository\org\apache\groovy\groovy-xml\4.0.6\groovy-xml-4.0.6.jar;C:\Users\mateu\.m2\repository\org\apache\httpcomponents\httpclient\4.5.13\httpclient-4.5.13.jar;C:\Users\mateu\.m2\repository\org\apache\httpcomponents\httpcore\4.4.13\httpcore-4.4.13.jar;C:\Users\mateu\.m2\repository\commons-logging\commons-logging\1.2\commons-logging-1.2.jar;C:\Users\mateu\.m2\repository\commons-codec\commons-codec\1.11\commons-codec-1.11.jar;C:\Users\mateu\.m2\repository\org\apache\httpcomponents\httpmime\4.5.13\httpmime-4.5.13.jar;C:\Users\mateu\.m2\repository\org\hamcrest\hamcrest\2.1\hamcrest-2.1.jar;C:\Users\mateu\.m2\repository\org\ccil\cowan\tagsoup\tagsoup\1.2.1\tagsoup-1.2.1.jar;C:\Users\mateu\.m2\repository\io\rest-assured\json-path\5.3.0\json-path-5.3.0.jar;C:\Users\mateu\.m2\repository\org\apache\groovy\groovy-json\4.0.6\groovy-json-4.0.6.jar;C:\Users\mateu\.m2\repository\io\rest-assured\rest-assured-common\5.3.0\rest-assured-common-5.3.0.jar;C:\Users\mateu\.m2\repository\io\rest-assured\xml-path\5.3.0\xml-path-5.3.0.jar;C:\Users\mateu\.m2\repository\org\apache\commons\commons-lang3\3.11\commons-lang3-3.11.jar;C:\Users\mateu\.m2\repository\io\rest-assured\json-schema-validator\5.3.0\json-schema-validator-5.3.0.jar;C:\Users\mateu\.m2\repository\com\github\java-json-tools\json-schema-validator\2.2.14\json-schema-validator-2.2.14.jar;C:\Users\mateu\.m2\repository\com\github\java-json-tools\jackson-coreutils-equivalence\1.0\jackson-coreutils-equivalence-1.0.jar;C:\Users\mateu\.m2\repository\com\github\java-json-tools\jackson-coreutils\2.0\jackson-coreutils-2.0.jar;C:\Users\mateu\.m2\repository\com\github\java-json-tools\msg-simple\1.2\msg-simple-1.2.jar;C:\Users\mateu\.m2\repository\com\github\java-json-tools\btf\1.3\btf-1.3.jar;C:\Users\mateu\.m2\repository\com\github\java-json-tools\json-schema-core\1.2.14\json-schema-core-1.2.14.jar;C:\Users\mateu\.m2\repository\com\github\java-json-tools\uri-template\0.10\uri-template-0.10.jar;C:\Users\mateu\.m2\repository\org\mozilla\rhino\1.7.7.2\rhino-1.7.7.2.jar;C:\Users\mateu\.m2\repository\com\sun\mail\mailapi\1.6.2\mailapi-1.6.2.jar;C:\Users\mateu\.m2\repository\joda-time\joda-time\2.10.5\joda-time-2.10.5.jar;C:\Users\mateu\.m2\repository\com\googlecode\libphonenumber\libphonenumber\8.11.1\libphonenumber-8.11.1.jar;C:\Users\mateu\.m2\repository\com\google\code\findbugs\jsr305\3.0.2\jsr305-3.0.2.jar;C:\Users\mateu\.m2\repository\net\sf\jopt-simple\jopt-simple\5.0.4\jopt-simple-5.0.4.jar;C:\Users\mateu\.m2\repository\com\fasterxml\jackson\core\jackson-databind\2.15.2\jackson-databind-2.15.2.jar;C:\Users\mateu\.m2\repository\com\fasterxml\jackson\core\jackson-core\2.15.2\jackson-core-2.15.2.jar;C:\Users\mateu\.m2\repository\com\fasterxml\jackson\core\jackson-annotations\2.15.2\jackson-annotations-2.15.2.jar;"/>
    <property name="java.vm.vendor" value="Oracle Corporation"/>
    <property name="sun.arch.data.model" value="64"/>
    <property name="user.variant" value=""/>
    <property name="java.vendor.url" value="https://java.oracle.com/"/>
    <property name="user.timezone" value="Europe/Warsaw"/>
    <property name="os.name" value="Windows 10"/>
    <property name="java.vm.specification.version" value="20"/>
    <property name="sun.java.launcher" value="SUN_STANDARD"/>
    <property name="user.country" value="PL"/>
    <property name="sun.boot.library.path" value="C:\Users\mateu\.jdks\openjdk-20.0.2\bin"/>
    <property name="sun.java.command" value="C:\Users\mateu\AppData\Local\Temp\surefire16501612705960056933\surefirebooter-20230911181207459_3.jar C:\Users\mateu\AppData\Local\Temp\surefire16501612705960056933 2023-09-11T18-12-07_331-jvmRun1 surefire-20230911181207459_1tmp surefire_0-20230911181207459_2tmp"/>
    <property name="jdk.debug" value="release"/>
    <property name="surefire.test.class.path" value="D:\dev\javaPractice\gorest-api-test-automation-restassured\target\test-classes;D:\dev\javaPractice\gorest-api-test-automation-restassured\target\classes;C:\Users\mateu\.m2\repository\ch\qos\logback\logback-classic\1.4.7\logback-classic-1.4.7.jar;C:\Users\mateu\.m2\repository\ch\qos\logback\logback-core\1.4.7\logback-core-1.4.7.jar;C:\Users\mateu\.m2\repository\org\slf4j\slf4j-api\2.0.7\slf4j-api-2.0.7.jar;C:\Users\mateu\.m2\repository\com\github\sdrss\reportng\2.7.0\reportng-2.7.0.jar;C:\Users\mateu\.m2\repository\velocity\velocity\1.5\velocity-1.5.jar;C:\Users\mateu\.m2\repository\commons-collections\commons-collections\3.1\commons-collections-3.1.jar;C:\Users\mateu\.m2\repository\commons-lang\commons-lang\2.1\commons-lang-2.1.jar;C:\Users\mateu\.m2\repository\oro\oro\2.0.8\oro-2.0.8.jar;C:\Users\mateu\.m2\repository\commons-io\commons-io\2.7\commons-io-2.7.jar;C:\Users\mateu\.m2\repository\com\google\inject\guice\4.2.2\guice-4.2.2.jar;C:\Users\mateu\.m2\repository\javax\inject\javax.inject\1\javax.inject-1.jar;C:\Users\mateu\.m2\repository\aopalliance\aopalliance\1.0\aopalliance-1.0.jar;C:\Users\mateu\.m2\repository\com\google\guava\guava\25.1-android\guava-25.1-android.jar;C:\Users\mateu\.m2\repository\org\checkerframework\checker-compat-qual\2.0.0\checker-compat-qual-2.0.0.jar;C:\Users\mateu\.m2\repository\com\google\errorprone\error_prone_annotations\2.1.3\error_prone_annotations-2.1.3.jar;C:\Users\mateu\.m2\repository\com\google\j2objc\j2objc-annotations\1.1\j2objc-annotations-1.1.jar;C:\Users\mateu\.m2\repository\org\codehaus\mojo\animal-sniffer-annotations\1.14\animal-sniffer-annotations-1.14.jar;C:\Users\mateu\.m2\repository\org\testng\reportng\1.2.2\reportng-1.2.2.jar;C:\Users\mateu\.m2\repository\org\freemarker\freemarker\2.3.28\freemarker-2.3.28.jar;C:\Users\mateu\.m2\repository\org\testng\testng\7.8.0\testng-7.8.0.jar;C:\Users\mateu\.m2\repository\com\beust\jcommander\1.82\jcommander-1.82.jar;C:\Users\mateu\.m2\repository\org\webjars\jquery\3.6.1\jquery-3.6.1.jar;C:\Users\mateu\.m2\repository\io\rest-assured\rest-assured\5.3.0\rest-assured-5.3.0.jar;C:\Users\mateu\.m2\repository\org\apache\groovy\groovy\4.0.6\groovy-4.0.6.jar;C:\Users\mateu\.m2\repository\org\apache\groovy\groovy-xml\4.0.6\groovy-xml-4.0.6.jar;C:\Users\mateu\.m2\repository\org\apache\httpcomponents\httpclient\4.5.13\httpclient-4.5.13.jar;C:\Users\mateu\.m2\repository\org\apache\httpcomponents\httpcore\4.4.13\httpcore-4.4.13.jar;C:\Users\mateu\.m2\repository\commons-logging\commons-logging\1.2\commons-logging-1.2.jar;C:\Users\mateu\.m2\repository\commons-codec\commons-codec\1.11\commons-codec-1.11.jar;C:\Users\mateu\.m2\repository\org\apache\httpcomponents\httpmime\4.5.13\httpmime-4.5.13.jar;C:\Users\mateu\.m2\repository\org\hamcrest\hamcrest\2.1\hamcrest-2.1.jar;C:\Users\mateu\.m2\repository\org\ccil\cowan\tagsoup\tagsoup\1.2.1\tagsoup-1.2.1.jar;C:\Users\mateu\.m2\repository\io\rest-assured\json-path\5.3.0\json-path-5.3.0.jar;C:\Users\mateu\.m2\repository\org\apache\groovy\groovy-json\4.0.6\groovy-json-4.0.6.jar;C:\Users\mateu\.m2\repository\io\rest-assured\rest-assured-common\5.3.0\rest-assured-common-5.3.0.jar;C:\Users\mateu\.m2\repository\io\rest-assured\xml-path\5.3.0\xml-path-5.3.0.jar;C:\Users\mateu\.m2\repository\org\apache\commons\commons-lang3\3.11\commons-lang3-3.11.jar;C:\Users\mateu\.m2\repository\io\rest-assured\json-schema-validator\5.3.0\json-schema-validator-5.3.0.jar;C:\Users\mateu\.m2\repository\com\github\java-json-tools\json-schema-validator\2.2.14\json-schema-validator-2.2.14.jar;C:\Users\mateu\.m2\repository\com\github\java-json-tools\jackson-coreutils-equivalence\1.0\jackson-coreutils-equivalence-1.0.jar;C:\Users\mateu\.m2\repository\com\github\java-json-tools\jackson-coreutils\2.0\jackson-coreutils-2.0.jar;C:\Users\mateu\.m2\repository\com\github\java-json-tools\msg-simple\1.2\msg-simple-1.2.jar;C:\Users\mateu\.m2\repository\com\github\java-json-tools\btf\1.3\btf-1.3.jar;C:\Users\mateu\.m2\repository\com\github\java-json-tools\json-schema-core\1.2.14\json-schema-core-1.2.14.jar;C:\Users\mateu\.m2\repository\com\github\java-json-tools\uri-template\0.10\uri-template-0.10.jar;C:\Users\mateu\.m2\repository\org\mozilla\rhino\1.7.7.2\rhino-1.7.7.2.jar;C:\Users\mateu\.m2\repository\com\sun\mail\mailapi\1.6.2\mailapi-1.6.2.jar;C:\Users\mateu\.m2\repository\joda-time\joda-time\2.10.5\joda-time-2.10.5.jar;C:\Users\mateu\.m2\repository\com\googlecode\libphonenumber\libphonenumber\8.11.1\libphonenumber-8.11.1.jar;C:\Users\mateu\.m2\repository\com\google\code\findbugs\jsr305\3.0.2\jsr305-3.0.2.jar;C:\Users\mateu\.m2\repository\net\sf\jopt-simple\jopt-simple\5.0.4\jopt-simple-5.0.4.jar;C:\Users\mateu\.m2\repository\com\fasterxml\jackson\core\jackson-databind\2.15.2\jackson-databind-2.15.2.jar;C:\Users\mateu\.m2\repository\com\fasterxml\jackson\core\jackson-core\2.15.2\jackson-core-2.15.2.jar;C:\Users\mateu\.m2\repository\com\fasterxml\jackson\core\jackson-annotations\2.15.2\jackson-annotations-2.15.2.jar;"/>
    <property name="sun.cpu.endian" value="little"/>
    <property name="user.home" value="C:\Users\mateu"/>
    <property name="user.language" value="pl"/>
    <property name="java.specification.vendor" value="Oracle Corporation"/>
    <property name="java.version.date" value="2023-07-18"/>
    <property name="java.home" value="C:\Users\mateu\.jdks\openjdk-20.0.2"/>
    <property name="file.separator" value="\"/>
    <property name="basedir" value="D:\dev\javaPractice\gorest-api-test-automation-restassured"/>
    <property name="java.vm.compressedOopsMode" value="Zero based"/>
    <property name="line.separator" value="&#10;"/>
    <property name="testng.Failed" value="2"/>
    <property name="java.vm.specification.vendor" value="Oracle Corporation"/>
    <property name="java.specification.name" value="Java Platform API Specification"/>
    <property name="surefire.real.class.path" value="C:\Users\mateu\AppData\Local\Temp\surefire16501612705960056933\surefirebooter-20230911181207459_3.jar"/>
    <property name="user.script" value=""/>
    <property name="sun.management.compiler" value="HotSpot 64-Bit Tiered Compilers"/>
    <property name="java.runtime.version" value="20.0.2+9-78"/>
    <property name="user.name" value="mateu"/>
    <property name="stdout.encoding" value="Cp1250"/>
    <property name="path.separator" value=";"/>
    <property name="os.version" value="10.0"/>
    <property name="testng.KnownDefect" value="0"/>
    <property name="java.runtime.name" value="OpenJDK Runtime Environment"/>
    <property name="file.encoding" value="UTF-8"/>
    <property name="testng.Fixed" value="0"/>
    <property name="java.vm.name" value="OpenJDK 64-Bit Server VM"/>
    <property name="localRepository" value="C:\Users\mateu\.m2\repository"/>
    <property name="java.vendor.url.bug" value="https://bugreport.java.com/bugreport/"/>
    <property name="java.io.tmpdir" value="C:\Users\mateu\AppData\Local\Temp\"/>
    <property name="idea.version" value="2023.2.1"/>
    <property name="java.version" value="20.0.2"/>
    <property name="user.dir" value="D:\dev\javaPractice\gorest-api-test-automation-restassured"/>
    <property name="os.arch" value="amd64"/>
    <property name="java.vm.specification.name" value="Java Virtual Machine Specification"/>
    <property name="sun.os.patch.level" value=""/>
    <property name="token" value="edb4afe94ffa5dd5ee817c3eb2ff3a0408777f6781098e96969cd9cb742050d4"/>
    <property name="native.encoding" value="Cp1250"/>
    <property name="environment" value="dev"/>
    <property name="java.library.path" value="C:\Users\mateu\.jdks\openjdk-20.0.2\bin;C:\WINDOWS\Sun\Java\bin;C:\WINDOWS\system32;C:\WINDOWS;C:\Program Files\Common Files\Oracle\Java\javapath;C:\Program Files (x86)\Common Files\Oracle\Java\javapath;C:\Program Files (x86)\Intel\Intel(R) Management Engine Components\iCLS\;C:\Program Files\Intel\Intel(R) Management Engine Components\iCLS\;C:\Windows\system32;C:\Windows;C:\Windows\System32\Wbem;C:\Windows\System32\WindowsPowerShell\v1.0\;C:\Windows\System32\OpenSSH\;C:\Program Files (x86)\NVIDIA Corporation\PhysX\Common;C:\Program Files (x86)\Intel\Intel(R) Management Engine Components\DAL;C:\Program Files\Intel\Intel(R) Management Engine Components\DAL;C:\Program Files (x86)\Intel\Intel(R) Management Engine Components\IPT;C:\Program Files\Intel\Intel(R) Management Engine Components\IPT;C:\Program Files\dotnet\;C:\Program Files\Microsoft SQL Server\130\Tools\Binn\;C:\Program Files\Intel\WiFi\bin\;C:\Program Files\Common Files\Intel\WirelessCommon\;C:\Program Files\NVIDIA Corporation\NVIDIA NvDLISR;C:\Program Files (x86)\Python37-32\Scripts;C:\Program Files (x86)\Python37-32;C:\WINDOWS\system32;C:\WINDOWS;C:\WINDOWS\System32\Wbem;C:\WINDOWS\System32\WindowsPowerShell\v1.0\;C:\WINDOWS\System32\OpenSSH\;D:\Perforce;D:\Perforce\;D:\putty\;D:\QuickTime\QTSystem\;C:\Program Files\Git\cmd;C:\ProgramData\chocolatey\bin;C:\src\flutter\flutter\bin;C:\Program Files (x86)\Python37-32;D:\Microsoft VS Code\bin;C:\Users\mateu\AppData\Local\Microsoft\WindowsApps;D:\Perforce\Server;D:\PHPSTORM\PhpStorm 2020.1\bin;;D:\c lion\CLion 2022.2.4\bin;;D:\java intellij\IntelliJ IDEA 2020.2.3\bin;;D:\pycharm\PyCharm 2020.2.3\bin;;C:\Users\mateu\AppData\Local\Microsoft\WindowsApps;C:\tools\dart-sdk\bin;C:\Users\mateu\AppData\Roaming\Pub\Cache\bin;;."/>
    <property name="java.vm.info" value="mixed mode, sharing"/>
    <property name="stderr.encoding" value="Cp1250"/>
    <property name="java.vendor" value="Oracle Corporation"/>
    <property name="java.vm.version" value="20.0.2+9-78"/>
    <property name="sun.io.unicode.encoding" value="UnicodeLittle"/>
    <property name="testng.Passed" value="12"/>
    <property name="java.class.version" value="64.0"/>
  </properties>
  <testcase name="responseShouldBeValidAgainstSchema" classname="pl.globallogic.gorest.user.schemavalidation.JsonSchemaValidationTest" time="0.805">
    <system-out><![CDATA[18:12:08.811 [main] INFO  p.g.gorest.user.BaseUserApiTest - Put any global set up code here!!!!
18:12:08.830 [main] INFO  p.g.gorest.user.BaseUserApiTest - Running 'responseShouldBeValidAgainstSchema' test
18:12:08.837 [main] INFO  p.g.g.u.t.UserApiTestDataGenerator - Generated email: mateusz.email42126006@hotmail.com
18:12:08.839 [main] INFO  pl.globallogic.gorest.apis.UserAPI - Creating new user with payload: CreateUserRequestDTO[email=mateusz.email42126006@hotmail.com, name=Mateusz Tolpa, gender=male, status=active]
18:12:10.298 [main] INFO  p.g.gorest.user.BaseUserApiTest - Validating response data against schema in 'user_schema.json'
HTTP/1.1 200 OK
Date: Mon, 11 Sep 2023 16:12:11 GMT
Content-Type: application/json; charset=utf-8
Transfer-Encoding: chunked
Connection: keep-alive
Cache-Control: max-age=0, private, must-revalidate
etag: W/"bf5941de24a52b0057801b8f069aa80d"
referrer-policy: strict-origin-when-cross-origin
vary: Origin
x-content-type-options: nosniff
x-download-options: noopen
x-frame-options: SAMEORIGIN
x-permitted-cross-domain-policies: none
x-ratelimit-limit: 90
x-ratelimit-remaining: 89
x-ratelimit-reset: 1
x-request-id: 78747273-9cb1-40d1-a436-f97cfaee4a0a
x-runtime: 0.034925
x-xss-protection: 0
CF-Cache-Status: DYNAMIC
Report-To: {"endpoints":[{"url":"https:\/\/a.nel.cloudflare.com\/report\/v3?s=RE2v3M10dxwCoh4wvJbMv4D3koZivdyVgJGNjcOOPiOyzRVXxfA3YvIvaY3P%2Ftz14oUyz93QklRIkHW%2Bdctg20bsh9mymdAgOHIqixgsyz4bM59s48Rb6m%2BXA6edqL0%3D"}],"group":"cf-nel","max_age":604800}
NEL: {"success_fraction":0,"report_to":"cf-nel","max_age":604800}
Server: cloudflare
CF-RAY: 805130d8ac70cc9b-WAW
Content-Encoding: gzip
alt-svc: h3=":443"; ma=86400

{
    "id": 5140467,
    "name": "Mateusz Tolpa",
    "email": "mateusz.email42126006@hotmail.com",
    "gender": "male",
    "status": "active"
}
]]></system-out>
  </testcase>
  <testcase name="shouldCreateAUserAndReturnAnId" classname="pl.globallogic.gorest.user.UserApiCrudBasicVerificationTest" time="0.355">
    <system-out><![CDATA[18:12:11.102 [main] INFO  p.g.gorest.user.BaseUserApiTest - Finishing 'responseShouldBeValidAgainstSchema' test
18:12:11.105 [main] INFO  p.g.gorest.user.BaseUserApiTest - Put any global set up code here!!!!
18:12:11.107 [main] INFO  p.g.gorest.user.BaseUserApiTest - Running 'shouldCreateAUserAndReturnAnId' test
18:12:11.108 [main] INFO  p.g.g.u.t.UserApiTestDataGenerator - Generated email: mateusz.email18613237@hotmail.com
18:12:11.108 [main] INFO  pl.globallogic.gorest.apis.UserAPI - Creating new user with payload: CreateUserRequestDTO[email=mateusz.email18613237@hotmail.com, name=Mateusz Tolpa, gender=male, status=active]
18:12:11.489 [main] INFO  p.g.gorest.user.BaseUserApiTest - Created user id: 5140468
18:12:11.490 [main] INFO  p.g.g.u.t.UserApiTestDataGenerator - Generated email: mateusz.email53052203@hotmail.com
18:12:11.490 [main] INFO  pl.globallogic.gorest.apis.UserAPI - Creating new user with payload: CreateUserRequestDTO[email=mateusz.email53052203@hotmail.com, name=Mateusz Tolpa, gender=male, status=active]
18:12:11.837 [main] INFO  p.g.gorest.user.BaseUserApiTest - User object : OurUser{id=5140469, name='Mateusz Tolpa', email='mateusz.email53052203@hotmail.com', gender='male', status='active'}
]]></system-out>
  </testcase>
  <testcase name="shouldDeleteUserUsingId" classname="pl.globallogic.gorest.user.UserApiCrudBasicVerificationTest" time="0.352">
    <system-out><![CDATA[18:12:11.845 [main] INFO  p.g.gorest.user.BaseUserApiTest - Deleting user with id '5140468' after testing completion
18:12:11.845 [main] INFO  pl.globallogic.gorest.apis.UserAPI - Deleting user with id '5140468'
18:12:12.178 [main] INFO  p.g.gorest.user.BaseUserApiTest - Finishing 'shouldCreateAUserAndReturnAnId' test
18:12:12.181 [main] INFO  p.g.gorest.user.BaseUserApiTest - Running 'shouldDeleteUserUsingId' test
18:12:12.182 [main] INFO  p.g.g.u.t.UserApiTestDataGenerator - Generated email: mateusz.email24128894@hotmail.com
18:12:12.182 [main] INFO  pl.globallogic.gorest.apis.UserAPI - Creating new user with payload: CreateUserRequestDTO[email=mateusz.email24128894@hotmail.com, name=Mateusz Tolpa, gender=male, status=active]
18:12:12.525 [main] INFO  p.g.gorest.user.BaseUserApiTest - Created user id: 5140470
18:12:12.526 [main] INFO  pl.globallogic.gorest.apis.UserAPI - Deleting user with id '5140470'
]]></system-out>
  </testcase>
  <testcase name="shouldFetchAllUsersFromDefaultPageBodyExtract" classname="pl.globallogic.gorest.user.UserApiCrudBasicVerificationTest" time="0.463">
    <system-out><![CDATA[18:12:12.878 [main] INFO  p.g.gorest.user.BaseUserApiTest - Finishing 'shouldDeleteUserUsingId' test
18:12:12.879 [main] INFO  p.g.gorest.user.BaseUserApiTest - Running 'shouldFetchAllUsersFromDefaultPageBodyExtract' test
18:12:12.880 [main] INFO  pl.globallogic.gorest.apis.UserAPI - Fetching users information
18:12:13.342 [main] INFO  p.g.gorest.user.BaseUserApiTest - Users : [OurUser{id=5140469, name='Mateusz Tolpa', email='mateusz.email53052203@hotmail.com', gender='male', status='active'}, OurUser{id=5140467, name='Mateusz Tolpa', email='mateusz.email42126006@hotmail.com', gender='male', status='active'}, OurUser{id=5140464, name='Mateusz Tolpa', email='mateusz.email65023361@hotmail.com', gender='male', status='active'}, OurUser{id=5140462, name='Mateusz Tolpa', email='mateusz.email62054443@hotmail.com', gender='male', status='active'}, OurUser{id=5140238, name='Ivan Paulouski', email='ivan.email30728424@hotmail.com', gender='male', status='active'}, OurUser{id=5140236, name='Ivan Paulouski', email='ivan.email40123734@hotmail.com', gender='male', status='active'}, OurUser{id=5140214, name='Ivan Paulouski', email='ivan.email3667912@hotmail.com', gender='male', status='active'}, OurUser{id=5140212, name='Ivan Paulouski', email='ivan.email29056253@hotmail.com', gender='male', status='active'}, OurUser{id=5140198, name='Ivan Paulouski', email='ivan.email6017066@hotmail.com', gender='male', status='active'}, OurUser{id=5140196, name='Ivan Paulouski', email='ivan.email40496890@hotmail.com', gender='male', status='active'}]
]]></system-out>
  </testcase>
  <testcase name="shouldUpdateExistingUserWithNewData" classname="pl.globallogic.gorest.user.UserApiCrudBasicVerificationTest" time="0.316">
    <failure message="com.fasterxml.jackson.databind.exc.UnrecognizedPropertyException: Unrecognized field &quot;message&quot; (class pl.globallogic.gorest.model.GoRestUser), not marked as ignorable (5 known properties: &quot;gender&quot;, &quot;status&quot;, &quot;id&quot;, &quot;email&quot;, &quot;name&quot;])&#10; at [Source: (String)&quot;{&quot;message&quot;:&quot;Resource not found&quot;}&quot;; line: 1, column: 13] (through reference chain: pl.globallogic.gorest.model.GoRestUser[&quot;message&quot;])" type="java.lang.RuntimeException"><![CDATA[java.lang.RuntimeException: 
com.fasterxml.jackson.databind.exc.UnrecognizedPropertyException: Unrecognized field "message" (class pl.globallogic.gorest.model.GoRestUser), not marked as ignorable (5 known properties: "gender", "status", "id", "email", "name"])
 at [Source: (String)"{"message":"Resource not found"}"; line: 1, column: 13] (through reference chain: pl.globallogic.gorest.model.GoRestUser["message"])
	at io.restassured.internal.path.json.mapping.JsonPathJackson2ObjectDeserializer.deserialize(JsonPathJackson2ObjectDeserializer.java:30)
	at io.restassured.path.json.mapping.JsonPathObjectDeserializer$deserialize.call(Unknown Source)
	at io.restassured.internal.mapping.Jackson2Mapper.deserialize(Jackson2Mapper.groovy:58)
	at io.restassured.mapper.ObjectMapper$deserialize$0.call(Unknown Source)
	at io.restassured.internal.mapping.ObjectMapping.parseWithJackson2(ObjectMapping.groovy:254)
	at io.restassured.internal.mapping.ObjectMapping$parseWithJackson2$1.callStatic(Unknown Source)
	at io.restassured.internal.mapping.ObjectMapping.deserialize(ObjectMapping.groovy:56)
	at io.restassured.internal.mapping.ObjectMapping$deserialize$0.call(Unknown Source)
	at io.restassured.internal.RestAssuredResponseOptionsGroovyImpl.as(RestAssuredResponseOptionsGroovyImpl.groovy:229)
	at io.restassured.internal.RestAssuredResponseOptionsImpl.as(RestAssuredResponseOptionsImpl.java:169)
	at pl.globallogic.gorest.apis.UserAPI.updateUserInfo(UserAPI.java:61)
	at pl.globallogic.gorest.user.UserApiCrudBasicVerificationTest.shouldUpdateExistingUserWithNewData(UserApiCrudBasicVerificationTest.java:58)
	at java.base/jdk.internal.reflect.DirectMethodHandleAccessor.invoke(DirectMethodHandleAccessor.java:104)
	at java.base/java.lang.reflect.Method.invoke(Method.java:578)
	at org.testng.internal.invokers.MethodInvocationHelper.invokeMethod(MethodInvocationHelper.java:139)
	at org.testng.internal.invokers.TestInvoker.invokeMethod(TestInvoker.java:664)
	at org.testng.internal.invokers.TestInvoker.invokeTestMethod(TestInvoker.java:227)
	at org.testng.internal.invokers.MethodRunner.runInSequence(MethodRunner.java:50)
	at org.testng.internal.invokers.TestInvoker$MethodInvocationAgent.invoke(TestInvoker.java:957)
	at org.testng.internal.invokers.TestInvoker.invokeTestMethods(TestInvoker.java:200)
	at org.testng.internal.invokers.TestMethodWorker.invokeTestMethods(TestMethodWorker.java:148)
	at org.testng.internal.invokers.TestMethodWorker.run(TestMethodWorker.java:128)
	at java.base/java.util.ArrayList.forEach(ArrayList.java:1511)
	at org.testng.TestRunner.privateRun(TestRunner.java:848)
	at org.testng.TestRunner.run(TestRunner.java:621)
	at org.testng.SuiteRunner.runTest(SuiteRunner.java:443)
	at org.testng.SuiteRunner.runSequentially(SuiteRunner.java:437)
	at org.testng.SuiteRunner.privateRun(SuiteRunner.java:397)
	at org.testng.SuiteRunner.run(SuiteRunner.java:336)
	at org.testng.SuiteRunnerWorker.runSuite(SuiteRunnerWorker.java:52)
	at org.testng.SuiteRunnerWorker.run(SuiteRunnerWorker.java:95)
	at org.testng.TestNG.runSuitesSequentially(TestNG.java:1280)
	at org.testng.TestNG.runSuitesLocally(TestNG.java:1200)
	at org.testng.TestNG.runSuites(TestNG.java:1114)
	at org.testng.TestNG.run(TestNG.java:1082)
	at org.apache.maven.surefire.testng.TestNGExecutor.run(TestNGExecutor.java:155)
	at org.apache.maven.surefire.testng.TestNGDirectoryTestSuite.executeMulti(TestNGDirectoryTestSuite.java:169)
	at org.apache.maven.surefire.testng.TestNGDirectoryTestSuite.execute(TestNGDirectoryTestSuite.java:88)
	at org.apache.maven.surefire.testng.TestNGProvider.invoke(TestNGProvider.java:137)
	at org.apache.maven.surefire.booter.ForkedBooter.runSuitesInProcess(ForkedBooter.java:385)
	at org.apache.maven.surefire.booter.ForkedBooter.execute(ForkedBooter.java:162)
	at org.apache.maven.surefire.booter.ForkedBooter.run(ForkedBooter.java:507)
	at org.apache.maven.surefire.booter.ForkedBooter.main(ForkedBooter.java:495)
Caused by: com.fasterxml.jackson.databind.exc.UnrecognizedPropertyException: Unrecognized field "message" (class pl.globallogic.gorest.model.GoRestUser), not marked as ignorable (5 known properties: "gender", "status", "id", "email", "name"])
 at [Source: (String)"{"message":"Resource not found"}"; line: 1, column: 13] (through reference chain: pl.globallogic.gorest.model.GoRestUser["message"])
	at com.fasterxml.jackson.databind.exc.UnrecognizedPropertyException.from(UnrecognizedPropertyException.java:61)
	at com.fasterxml.jackson.databind.DeserializationContext.handleUnknownProperty(DeserializationContext.java:1138)
	at com.fasterxml.jackson.databind.deser.std.StdDeserializer.handleUnknownProperty(StdDeserializer.java:2224)
	at com.fasterxml.jackson.databind.deser.BeanDeserializerBase.handleUnknownProperty(BeanDeserializerBase.java:1709)
	at com.fasterxml.jackson.databind.deser.BeanDeserializerBase.handleUnknownVanilla(BeanDeserializerBase.java:1687)
	at com.fasterxml.jackson.databind.deser.BeanDeserializer.vanillaDeserialize(BeanDeserializer.java:320)
	at com.fasterxml.jackson.databind.deser.BeanDeserializer.deserialize(BeanDeserializer.java:177)
	at com.fasterxml.jackson.databind.deser.DefaultDeserializationContext.readRootValue(DefaultDeserializationContext.java:323)
	at com.fasterxml.jackson.databind.ObjectMapper._readMapAndClose(ObjectMapper.java:4825)
	at com.fasterxml.jackson.databind.ObjectMapper.readValue(ObjectMapper.java:3772)
	at io.restassured.internal.path.json.mapping.JsonPathJackson2ObjectDeserializer.deserialize(JsonPathJackson2ObjectDeserializer.java:28)
	... 42 more
]]></failure>
    <system-out><![CDATA[18:12:13.343 [main] INFO  p.g.gorest.user.BaseUserApiTest - Finishing 'shouldFetchAllUsersFromDefaultPageBodyExtract' test
18:12:13.344 [main] INFO  p.g.gorest.user.BaseUserApiTest - Running 'shouldUpdateExistingUserWithNewData' test
18:12:13.344 [main] INFO  p.g.g.u.t.UserApiTestDataGenerator - Generated email: mateusz.email41110268@hotmail.com
18:12:13.345 [main] INFO  pl.globallogic.gorest.apis.UserAPI - Updating information for user with id '5140470' using next payload: CreateUserRequestDTO[email=mateusz.email41110268@hotmail.com, name=Mateusz Tolpa, gender=male, status=active]
]]></system-out>
  </testcase>
  <testcase name="userDataShouldContainId" classname="pl.globallogic.gorest.user.UserApiCrudBasicVerificationTest" time="0.345">
    <system-out><![CDATA[18:12:13.660 [main] INFO  p.g.gorest.user.BaseUserApiTest - Finishing 'shouldUpdateExistingUserWithNewData' test
18:12:13.661 [main] INFO  p.g.gorest.user.BaseUserApiTest - Running 'userDataShouldContainId' test
18:12:13.662 [main] INFO  p.g.g.u.t.UserApiTestDataGenerator - Generated email: mateusz.email38561899@hotmail.com
18:12:13.662 [main] INFO  pl.globallogic.gorest.apis.UserAPI - Creating new user with payload: CreateUserRequestDTO[email=mateusz.email38561899@hotmail.com, name=Mateusz Tolpa, gender=male, status=active]
18:12:14.009 [main] INFO  p.g.gorest.user.BaseUserApiTest - Created user id: 5140471
18:12:14.010 [main] INFO  pl.globallogic.gorest.apis.UserAPI - Fetching data for user id '5140471'
]]></system-out>
  </testcase>
  <testcase name="shouldLogRequestAndResponseData" classname="pl.globallogic.verification.ConfigurationVerificationTest" time="0.34">
    <system-out><![CDATA[18:12:14.355 [main] INFO  p.g.gorest.user.BaseUserApiTest - Deleting user with id '5140471' after testing completion
18:12:14.355 [main] INFO  pl.globallogic.gorest.apis.UserAPI - Deleting user with id '5140471'
18:12:14.701 [main] INFO  p.g.gorest.user.BaseUserApiTest - Finishing 'userDataShouldContainId' test
18:12:14.704 [main] INFO  p.g.v.ConfigurationVerificationTest - Verify test automation framework configuration test
]]></system-out>
  </testcase>
</testsuite>