<?xml version="1.0" encoding="UTF-8"?>
<!-- Generated by org.testng.reporters.JUnitReportReporter -->
<testsuite hostname="Mateusz" failures="0" tests="5" name="pl.globallogic.gorest.UserApiCrudBasicVerificationTest" time="6.665" errors="0" timestamp="2023-09-11T15:07:22 CEST" skipped="0">
  <testcase classname="pl.globallogic.gorest.UserApiCrudBasicVerificationTest" name="shouldDeleteUserUsingId" time="2.950"/>
  <testcase classname="pl.globallogic.gorest.UserApiCrudBasicVerificationTest" name="shouldUpdateExistingUserWithNewData" time="0.677"/>
  <testcase classname="pl.globallogic.gorest.UserApiCrudBasicVerificationTest" name="shouldCreateAUserAndReturnAnId" time="0.753"/>
  <testcase classname="pl.globallogic.gorest.UserApiCrudBasicVerificationTest" name="userDataShouldContainId" time="1.066"/>
  <testcase classname="pl.globallogic.gorest.UserApiCrudBasicVerificationTest" name="shouldFetchAllUsersFromDefaultPageBodyExtract" time="1.219"/>
</testsuite> <!-- pl.globallogic.gorest.UserApiCrudBasicVerificationTest -->
