<?xml version="1.0" encoding="UTF-8"?>
<!-- Generated by org.testng.reporters.JUnitReportReporter -->
<testsuite hostname="Mateusz" failures="0" tests="5" name="pl.globallogic.gorest.UserApiCrudBasicVerificationTest" time="7.747" errors="0" timestamp="2023-09-09T02:03:02 CEST" skipped="0">
  <testcase classname="pl.globallogic.gorest.UserApiCrudBasicVerificationTest" name="shouldDeleteUserUsingId" time="1.522"/>
  <testcase classname="pl.globallogic.gorest.UserApiCrudBasicVerificationTest" name="shouldUpdateExistingUserWithNewData" time="1.089"/>
  <testcase classname="pl.globallogic.gorest.UserApiCrudBasicVerificationTest" name="shouldCreateAUserAndReturnAnId" time="1.538"/>
  <testcase classname="pl.globallogic.gorest.UserApiCrudBasicVerificationTest" name="shouldFetchAllUsersFromDefaultPageBodyExtract" time="1.222"/>
  <testcase classname="pl.globallogic.gorest.UserApiCrudBasicVerificationTest" name="userDataShouldContainId" time="2.376"/>
</testsuite> <!-- pl.globallogic.gorest.UserApiCrudBasicVerificationTest -->
