<?xml version="1.0" encoding="UTF-8"?>
<!-- Generated by org.testng.reporters.JUnitReportReporter -->
<testsuite hostname="SZZ1-LDL-P90471" failures="0" tests="1" name="pl.globallogic.verification.ConfigurationVerificationTest" time="0.780" errors="0" timestamp="2023-09-09T01:47:13 CEST" skipped="0">
  <testcase classname="pl.globallogic.verification.ConfigurationVerificationTest" name="shouldLogRequestAndResponseData" time="0.780"/>
</testsuite> <!-- pl.globallogic.verification.ConfigurationVerificationTest -->
