<?xml version="1.0" encoding="UTF-8"?>
<!-- Generated by org.testng.reporters.JUnitReportReporter -->
<testsuite hostname="Mateusz" failures="0" tests="1" name="pl.globallogic.gorest.user.schemavalidation.JsonSchemaValidationTest" time="2.273" errors="0" timestamp="2023-09-11T18:12:15 CEST" skipped="0">
  <testcase classname="pl.globallogic.gorest.user.schemavalidation.JsonSchemaValidationTest" name="responseShouldBeValidAgainstSchema" time="2.273"/>
</testsuite> <!-- pl.globallogic.gorest.user.schemavalidation.JsonSchemaValidationTest -->
