<?xml version="1.0" encoding="UTF-8"?>
<!-- Generated by org.testng.reporters.JUnitReportReporter -->
<testsuite hostname="Mateusz" failures="0" tests="1" name="pl.globallogic.verification.ConfigurationVerificationTest" time="0.378" errors="0" timestamp="2023-09-11T15:07:22 CEST" skipped="0">
  <testcase classname="pl.globallogic.verification.ConfigurationVerificationTest" name="shouldLogRequestAndResponseData" time="0.378"/>
</testsuite> <!-- pl.globallogic.verification.ConfigurationVerificationTest -->
